<?xml version="1.0" encoding="UTF-8"?>
<!-- Generated by org.testng.reporters.JUnitReportReporter -->
<testsuite hostname="PNE-L-PG03" failures="0" tests="1" name="test_services.testCase" time="2.680" errors="0" timestamp="2020-04-13T21:21:57 IST" skipped="0">
  <testcase classname="test_services.testCase" name="testCase" time="2.680"/>
  <system-out/>
</testsuite> <!-- test_services.testCase -->
