<?xml version="1.0" encoding="UTF-8"?>
<!-- Generated by org.testng.reporters.JUnitReportReporter -->
<testsuite hostname="PNE-L-PG03" failures="0" tests="1" name="apiAutomation.TEST" time="0.006" errors="0" timestamp="2020-04-12T23:36:30 IST" skipped="0">
  <testcase classname="apiAutomation.TEST" name="test" time="0.006"/>
  <system-out/>
</testsuite> <!-- apiAutomation.TEST -->
